<?xml version="1.0" encoding="UTF-8"?>
<testsuite xmlns:xsi="http://www.w3.org/2001/XMLSchema-instance" xsi:noNamespaceSchemaLocation="https://maven.apache.org/surefire/maven-surefire-plugin/xsd/surefire-test-report-3.0.xsd" version="3.0" name="com.book.BookstoreAPI.BookstoreApiApplicationTests" time="52.346" tests="1" errors="0" skipped="0" failures="0">
  <properties>
[...]
</properties>
  <testcase name="contextLoads" classname="com.book.BookstoreAPI.BookstoreApiApplicationTests" time="7.422">
    <system-out><![CDATA[12:36:00.907 [main] INFO org.springframework.test.context.support.AnnotationConfigContextLoaderUtils -- Could not detect default configuration classes for test class [com.book.BookstoreAPI.BookstoreApiApplicationTests]: BookstoreApiApplicationTests does not declare any static, non-private, non-final, nested classes annotated with @Configuration.
12:36:02.511 [main] INFO org.springframework.boot.test.context.SpringBootTestContextBootstrapper -- Found @SpringBootConfiguration com.book.BookstoreAPI.BookstoreApiApplication for test class com.book.BookstoreAPI.BookstoreApiApplicationTests
12:36:03.213 [main] INFO org.springframework.boot.devtools.restart.RestartApplicationListener -- Restart disabled due to context in which it is running

  .   ____          _            __ _ _
 /\\ / ___'_ __ _ _(_)_ __  __ _ \ \ \ \
( ( )\___ | '_ | '_| | '_ \/ _` | \ \ \ \
 \\/  ___)| |_)| | | | | || (_| |  ) ) ) )
  '  |____| .__|_| |_|_| |_\__, | / / / /
 =========|_|==============|___/=/_/_/_/

 :: Spring Boot ::                (v3.3.2)

2024-08-21T12:36:04.969+05:30  INFO 9344 --- [BookstoreAPI] [           main] c.b.B.BookstoreApiApplicationTests       : Starting BookstoreApiApplicationTests using Java 22.0.2 with PID 9344 (started by saham in C:\Users\saham\Desktop\BookstoreAPI)
2024-08-21T12:36:04.970+05:30  INFO 9344 --- [BookstoreAPI] [           main] c.b.B.BookstoreApiApplicationTests       : No active profile set, falling back to 1 default profile: "default"
2024-08-21T12:36:10.278+05:30  INFO 9344 --- [BookstoreAPI] [           main] .s.d.r.c.RepositoryConfigurationDelegate : Bootstrapping Spring Data JPA repositories in DEFAULT mode.
2024-08-21T12:36:10.382+05:30  INFO 9344 --- [BookstoreAPI] [           main] .s.d.r.c.RepositoryConfigurationDelegate : Finished Spring Data repository scanning in 97 ms. Found 2 JPA repository interfaces.
2024-08-21T12:36:16.137+05:30  INFO 9344 --- [BookstoreAPI] [           main] o.hibernate.jpa.internal.util.LogHelper  : HHH000204: Processing PersistenceUnitInfo [name: default]
2024-08-21T12:36:17.479+05:30  INFO 9344 --- [BookstoreAPI] [           main] org.hibernate.Version                    : HHH000412: Hibernate ORM core version 6.5.2.Final
2024-08-21T12:36:18.180+05:30  INFO 9344 --- [BookstoreAPI] [           main] o.h.c.internal.RegionFactoryInitiator    : HHH000026: Second-level cache disabled
2024-08-21T12:36:21.665+05:30  INFO 9344 --- [BookstoreAPI] [           main] o.s.o.j.p.SpringPersistenceUnitInfo      : No LoadTimeWeaver setup: ignoring JPA class transformer
2024-08-21T12:36:22.021+05:30  INFO 9344 --- [BookstoreAPI] [           main] com.zaxxer.hikari.HikariDataSource       : HikariPool-1 - Starting...
2024-08-21T12:36:23.700+05:30  INFO 9344 --- [BookstoreAPI] [           main] com.zaxxer.hikari.pool.HikariPool        : HikariPool-1 - Added connection conn0: url=jdbc:h2:mem:testdb user=SA
2024-08-21T12:36:23.702+05:30  INFO 9344 --- [BookstoreAPI] [           main] com.zaxxer.hikari.HikariDataSource       : HikariPool-1 - Start completed.
2024-08-21T12:36:24.869+05:30  WARN 9344 --- [BookstoreAPI] [           main] org.hibernate.orm.deprecation            : HHH90000025: H2Dialect does not need to be specified explicitly using 'hibernate.dialect' (remove the property setting and it will be selected by default)
2024-08-21T12:36:32.616+05:30  INFO 9344 --- [BookstoreAPI] [           main] o.h.e.t.j.p.i.JtaPlatformInitiator       : HHH000489: No JTA platform available (set 'hibernate.transaction.jta.platform' to enable JTA platform integration)
Hibernate: create table books (id bigint generated by default as identity, author varchar(255), isbn varchar(255), price float(53), title varchar(255), version bigint, primary key (id))
Hibernate: create table customers (id bigint generated by default as identity, address varchar(255), email varchar(255), name varchar(255), primary key (id))
2024-08-21T12:36:32.987+05:30  INFO 9344 --- [BookstoreAPI] [           main] j.LocalContainerEntityManagerFactoryBean : Initialized JPA EntityManagerFactory for persistence unit 'default'
2024-08-21T12:36:33.246+05:30  INFO 9344 --- [BookstoreAPI] [           main] r$InitializeUserDetailsManagerConfigurer : Global AuthenticationManager configured with UserDetailsService bean with name userDetailsService
2024-08-21T12:36:34.610+05:30  WARN 9344 --- [BookstoreAPI] [           main] JpaBaseConfiguration$JpaWebConfiguration : spring.jpa.open-in-view is enabled by default. Therefore, database queries may be performed during view rendering. Explicitly configure spring.jpa.open-in-view to disable this warning
2024-08-21T12:36:35.735+05:30  INFO 9344 --- [BookstoreAPI] [           main] o.s.b.a.e.web.EndpointLinksResolver      : Exposing 14 endpoints beneath base path '/actuator'
2024-08-21T12:36:38.974+05:30  INFO 9344 --- [BookstoreAPI] [           main] o.s.b.a.h2.H2ConsoleAutoConfiguration    : H2 console available at '/h2-console'. Database available at 'jdbc:h2:mem:testdb'
2024-08-21T12:36:40.284+05:30  INFO 9344 --- [BookstoreAPI] [           main] c.b.B.BookstoreApiApplicationTests       : Started BookstoreApiApplicationTests in 37.083 seconds (process running for 45.433)
]]></system-out>
    <system-err><![CDATA[WARNING: A Java agent has been loaded dynamically (C:\Users\saham\.m2\repository\net\bytebuddy\byte-buddy-agent\1.14.18\byte-buddy-agent-1.14.18.jar)
WARNING: If a serviceability tool is in use, please run with -XX:+EnableDynamicAgentLoading to hide this warning
WARNING: If a serviceability tool is not in use, please run with -Djdk.instrument.traceUsage for more information
WARNING: Dynamic loading of agents will be disallowed by default in a future release
]]></system-err>
  </testcase>
</testsuite>